<?xml version="1.0" encoding="UTF-8"?>
<!-- Generated by org.testng.reporters.JUnitReportReporter -->
<testsuite skipped="1" hostname="Jimmy-HP" name="com.automation.test.AmazonTesting" tests="1" failures="0" timestamp="03 сен 2017 03:43:27 GMT" time="0.000" errors="0">
  <testcase name="macysLoginScriptTest" time="0.000" classname="com.automation.test.AmazonTesting">
    <skipped/>
  </testcase> <!-- macysLoginScriptTest -->
</testsuite> <!-- com.automation.test.AmazonTesting -->
