<?xml version="1.0" encoding="UTF-8"?>
<!-- Generated by org.testng.reporters.JUnitReportReporter -->
<testsuite skipped="0" hostname="Jimmy-HP" name="com.automation.util.ConfigReader" tests="1" failures="0" timestamp="27 авг 2017 16:58:06 GMT" time="0.022" errors="0">
  <testcase name="readAndLoadPropertiesFile" time="0.022" classname="com.automation.util.ConfigReader"/>
</testsuite> <!-- com.automation.util.ConfigReader -->
