<?xml version="1.0" encoding="UTF-8"?>
<!-- Generated by org.testng.reporters.JUnitReportReporter -->
<testsuite skipped="0" hostname="Jimmy-HP" name="com.automation.util.ExcelFileReader" tests="2" failures="0" timestamp="27 авг 2017 17:30:37 GMT" time="1.126" errors="0">
  <testcase name="ExecuteTest" time="1.067" classname="com.automation.util.ExcelFileReader"/>
  <testcase name="locateAndOpenExcelFile" time="0.059" classname="com.automation.util.ExcelFileReader"/>
</testsuite> <!-- com.automation.util.ExcelFileReader -->
